<?xml version="1.0" encoding="UTF-8"?>
<robot generator="Robot 4.1.3 (Python 3.10.1 on win32)" generated="20220220 18:30:19.374" rpa="false" schemaversion="2">
<suite id="s1" name="TC 13 BDD" source="C:\Users\Global\PycharmProjects\Automation1\TestCases\TC_13_BDD.robot">
<test id="s1-t1" name="Test cases in BDD format">
<kw name="Given">
<arg>Start Browser and Maximize</arg>
<msg timestamp="20220220 18:30:19.608" level="FAIL">No keyword with name 'Given' found.</msg>
<status status="FAIL" starttime="20220220 18:30:19.607" endtime="20220220 18:30:19.608"/>
</kw>
<kw name="When">
<arg>create folder at runtime</arg>
<arg>Abcd</arg>
<arg>ACSD</arg>
<status status="NOT RUN" starttime="20220220 18:30:19.611" endtime="20220220 18:30:19.611"/>
</kw>
<kw name="Then">
<arg>concatenate two value</arg>
<arg>ABHISEK</arg>
<arg>PATTANAIK</arg>
<status status="NOT RUN" starttime="20220220 18:30:19.614" endtime="20220220 18:30:19.614"/>
</kw>
<status status="FAIL" starttime="20220220 18:30:19.605" endtime="20220220 18:30:19.614">No keyword with name 'Given' found.</status>
</test>
<status status="FAIL" starttime="20220220 18:30:19.376" endtime="20220220 18:30:19.616"/>
</suite>
<statistics>
<total>
<stat pass="0" fail="1" skip="0">All Tests</stat>
</total>
<tag>
</tag>
<suite>
<stat pass="0" fail="1" skip="0" id="s1" name="TC 13 BDD">TC 13 BDD</stat>
</suite>
</statistics>
<errors>
</errors>
</robot>
