<?xml version="1.0" encoding="UTF-8"?>
<robot generator="Robot 4.1.3 (Python 3.10.1 on win32)" generated="20220201 12:18:48.336" rpa="false" schemaversion="2">
<suite id="s1" name="TestCaseSuite" source="C:\Users\Global\PycharmProjects\Automation1\TestCases\TestCaseSuite">
<kw name="Before each test suite" type="SETUP">
<kw name="Log" library="BuiltIn">
<arg>Started</arg>
<doc>Logs the given message with the given level.</doc>
<msg timestamp="20220201 12:18:48.571" level="INFO">Started</msg>
<status status="PASS" starttime="20220201 12:18:48.570" endtime="20220201 12:18:48.571"/>
</kw>
<status status="PASS" starttime="20220201 12:18:48.570" endtime="20220201 12:18:48.571"/>
</kw>
<suite id="s1-s1" name="TC 001" source="C:\Users\Global\PycharmProjects\Automation1\TestCases\TestCaseSuite\TC_001.robot">
<test id="s1-s1-t1" name="TC_09_Details_with_keyword_and_testcase">
<kw name="Start Browser and Maximize" library="Resource1" type="SETUP">
<kw name="Open Browser" library="SeleniumLibrary">
<arg>https://www.facebook.com/</arg>
<arg>Chrome</arg>
<doc>Opens a new browser instance to the optional ``url``.</doc>
<msg timestamp="20220201 12:18:48.582" level="INFO">Opening browser 'Chrome' to base url 'https://www.facebook.com/'.</msg>
<status status="PASS" starttime="20220201 12:18:48.581" endtime="20220201 12:18:51.544"/>
</kw>
<kw name="Maximize Browser Window" library="SeleniumLibrary">
<doc>Maximizes current browser window.</doc>
<status status="PASS" starttime="20220201 12:18:51.544" endtime="20220201 12:18:51.657"/>
</kw>
<status status="PASS" starttime="20220201 12:18:48.580" endtime="20220201 12:18:51.657"/>
</kw>
<kw name="Input Text" library="SeleniumLibrary">
<arg>id:email</arg>
<arg>Abhi</arg>
<doc>Types the given ``text`` into the text field identified by ``locator``.</doc>
<msg timestamp="20220201 12:18:51.659" level="INFO">Typing text 'Abhi' into text field 'id:email'.</msg>
<status status="PASS" starttime="20220201 12:18:51.658" endtime="20220201 12:18:51.737"/>
</kw>
<kw name="Input Text" library="SeleniumLibrary">
<arg>id:pass</arg>
<arg>AAAAAAAAA</arg>
<doc>Types the given ``text`` into the text field identified by ``locator``.</doc>
<msg timestamp="20220201 12:18:51.739" level="INFO">Typing text 'AAAAAAAAA' into text field 'id:pass'.</msg>
<status status="PASS" starttime="20220201 12:18:51.738" endtime="20220201 12:18:51.844"/>
</kw>
<kw name="Close Browser window" library="Resource1" type="TEARDOWN">
<kw name="Get Title" library="SeleniumLibrary">
<var>${title}</var>
<doc>Returns the title of the current page.</doc>
<msg timestamp="20220201 12:18:51.848" level="INFO">${title} = Facebook – log in or sign up</msg>
<status status="PASS" starttime="20220201 12:18:51.845" endtime="20220201 12:18:51.848"/>
</kw>
<kw name="Log" library="BuiltIn">
<arg>${title}</arg>
<doc>Logs the given message with the given level.</doc>
<msg timestamp="20220201 12:18:51.848" level="INFO">Facebook – log in or sign up</msg>
<status status="PASS" starttime="20220201 12:18:51.848" endtime="20220201 12:18:51.848"/>
</kw>
<kw name="Close Browser" library="SeleniumLibrary">
<doc>Closes the current browser.</doc>
<status status="PASS" starttime="20220201 12:18:51.848" endtime="20220201 12:18:53.977"/>
</kw>
<status status="PASS" starttime="20220201 12:18:51.844" endtime="20220201 12:18:53.977"/>
</kw>
<tag>Smoke</tag>
<timeout value="20 seconds"/>
<status status="PASS" starttime="20220201 12:18:48.579" endtime="20220201 12:18:53.978"/>
</test>
<test id="s1-s1-t2" name="Second Testcase">
<kw name="Start Browser and Maximize" library="Resource1" type="SETUP">
<kw name="Open Browser" library="SeleniumLibrary">
<arg>https://www.facebook.com/</arg>
<arg>Chrome</arg>
<doc>Opens a new browser instance to the optional ``url``.</doc>
<msg timestamp="20220201 12:18:53.981" level="INFO">Opening browser 'Chrome' to base url 'https://www.facebook.com/'.</msg>
<status status="PASS" starttime="20220201 12:18:53.980" endtime="20220201 12:18:56.840"/>
</kw>
<kw name="Maximize Browser Window" library="SeleniumLibrary">
<doc>Maximizes current browser window.</doc>
<status status="PASS" starttime="20220201 12:18:56.840" endtime="20220201 12:18:56.952"/>
</kw>
<status status="PASS" starttime="20220201 12:18:53.980" endtime="20220201 12:18:56.952"/>
</kw>
<kw name="Click Element" library="SeleniumLibrary">
<arg>name:login</arg>
<doc>Click the element identified by ``locator``.</doc>
<msg timestamp="20220201 12:18:56.955" level="INFO">Clicking element 'name:login'.</msg>
<status status="PASS" starttime="20220201 12:18:56.953" endtime="20220201 12:18:57.018"/>
</kw>
<kw name="Close Browser window" library="Resource1" type="TEARDOWN">
<kw name="Get Title" library="SeleniumLibrary">
<var>${title}</var>
<doc>Returns the title of the current page.</doc>
<msg timestamp="20220201 12:18:58.246" level="INFO">${title} = Facebook – log in or sign up</msg>
<status status="PASS" starttime="20220201 12:18:57.020" endtime="20220201 12:18:58.247"/>
</kw>
<kw name="Log" library="BuiltIn">
<arg>${title}</arg>
<doc>Logs the given message with the given level.</doc>
<msg timestamp="20220201 12:18:58.247" level="INFO">Facebook – log in or sign up</msg>
<status status="PASS" starttime="20220201 12:18:58.247" endtime="20220201 12:18:58.247"/>
</kw>
<kw name="Close Browser" library="SeleniumLibrary">
<doc>Closes the current browser.</doc>
<status status="PASS" starttime="20220201 12:18:58.247" endtime="20220201 12:19:00.374"/>
</kw>
<status status="PASS" starttime="20220201 12:18:57.019" endtime="20220201 12:19:00.374"/>
</kw>
<tag>Sanity</tag>
<timeout value="20 seconds"/>
<status status="PASS" starttime="20220201 12:18:53.979" endtime="20220201 12:19:00.375"/>
</test>
<status status="PASS" starttime="20220201 12:18:48.571" endtime="20220201 12:19:00.377"/>
</suite>
<suite id="s1-s2" name="TC 002" source="C:\Users\Global\PycharmProjects\Automation1\TestCases\TestCaseSuite\TC_002.robot">
<test id="s1-s2-t1" name="TC_09_Details_with_keyword_and_testcase">
<kw name="Start Browser and Maximize" library="Resource1" type="SETUP">
<kw name="Open Browser" library="SeleniumLibrary">
<arg>https://www.facebook.com/</arg>
<arg>Chrome</arg>
<doc>Opens a new browser instance to the optional ``url``.</doc>
<msg timestamp="20220201 12:19:00.387" level="INFO">Opening browser 'Chrome' to base url 'https://www.facebook.com/'.</msg>
<status status="PASS" starttime="20220201 12:19:00.386" endtime="20220201 12:19:03.220"/>
</kw>
<kw name="Maximize Browser Window" library="SeleniumLibrary">
<doc>Maximizes current browser window.</doc>
<status status="PASS" starttime="20220201 12:19:03.220" endtime="20220201 12:19:03.334"/>
</kw>
<status status="PASS" starttime="20220201 12:19:00.386" endtime="20220201 12:19:03.334"/>
</kw>
<kw name="Input Text" library="SeleniumLibrary">
<arg>id:email</arg>
<arg>Abhi</arg>
<doc>Types the given ``text`` into the text field identified by ``locator``.</doc>
<msg timestamp="20220201 12:19:03.335" level="INFO">Typing text 'Abhi' into text field 'id:email'.</msg>
<status status="PASS" starttime="20220201 12:19:03.334" endtime="20220201 12:19:03.409"/>
</kw>
<kw name="Input Text" library="SeleniumLibrary">
<arg>id:pass</arg>
<arg>AAAAAAAAA</arg>
<doc>Types the given ``text`` into the text field identified by ``locator``.</doc>
<msg timestamp="20220201 12:19:03.410" level="INFO">Typing text 'AAAAAAAAA' into text field 'id:pass'.</msg>
<status status="PASS" starttime="20220201 12:19:03.409" endtime="20220201 12:19:03.513"/>
</kw>
<kw name="Close Browser window" library="Resource1" type="TEARDOWN">
<kw name="Get Title" library="SeleniumLibrary">
<var>${title}</var>
<doc>Returns the title of the current page.</doc>
<msg timestamp="20220201 12:19:03.518" level="INFO">${title} = Facebook – log in or sign up</msg>
<status status="PASS" starttime="20220201 12:19:03.514" endtime="20220201 12:19:03.518"/>
</kw>
<kw name="Log" library="BuiltIn">
<arg>${title}</arg>
<doc>Logs the given message with the given level.</doc>
<msg timestamp="20220201 12:19:03.519" level="INFO">Facebook – log in or sign up</msg>
<status status="PASS" starttime="20220201 12:19:03.518" endtime="20220201 12:19:03.519"/>
</kw>
<kw name="Close Browser" library="SeleniumLibrary">
<doc>Closes the current browser.</doc>
<status status="PASS" starttime="20220201 12:19:03.519" endtime="20220201 12:19:05.632"/>
</kw>
<status status="PASS" starttime="20220201 12:19:03.513" endtime="20220201 12:19:05.632"/>
</kw>
<tag>FORCE</tag>
<tag>regression</tag>
<tag>Sanity</tag>
<timeout value="20 seconds"/>
<status status="PASS" starttime="20220201 12:19:00.385" endtime="20220201 12:19:05.633"/>
</test>
<test id="s1-s2-t2" name="Second Testcase">
<kw name="Start Browser and Maximize" library="Resource1" type="SETUP">
<kw name="Open Browser" library="SeleniumLibrary">
<arg>https://www.facebook.com/</arg>
<arg>Chrome</arg>
<doc>Opens a new browser instance to the optional ``url``.</doc>
<msg timestamp="20220201 12:19:05.636" level="INFO">Opening browser 'Chrome' to base url 'https://www.facebook.com/'.</msg>
<status status="PASS" starttime="20220201 12:19:05.636" endtime="20220201 12:19:08.320"/>
</kw>
<kw name="Maximize Browser Window" library="SeleniumLibrary">
<doc>Maximizes current browser window.</doc>
<status status="PASS" starttime="20220201 12:19:08.320" endtime="20220201 12:19:08.446"/>
</kw>
<status status="PASS" starttime="20220201 12:19:05.635" endtime="20220201 12:19:08.447"/>
</kw>
<kw name="Click Link" library="SeleniumLibrary">
<arg>xpath://a[.='Forgotten password?']</arg>
<doc>Clicks a link identified by ``locator``.</doc>
<msg timestamp="20220201 12:19:08.448" level="INFO">Clicking link 'xpath://a[.='Forgotten password?']'.</msg>
<status status="PASS" starttime="20220201 12:19:08.447" endtime="20220201 12:19:09.810"/>
</kw>
<kw name="Close Browser window" library="Resource1" type="TEARDOWN">
<kw name="Get Title" library="SeleniumLibrary">
<var>${title}</var>
<doc>Returns the title of the current page.</doc>
<msg timestamp="20220201 12:19:09.815" level="INFO">${title} = Forgotten Password | Can't Log In | Facebook</msg>
<status status="PASS" starttime="20220201 12:19:09.810" endtime="20220201 12:19:09.816"/>
</kw>
<kw name="Log" library="BuiltIn">
<arg>${title}</arg>
<doc>Logs the given message with the given level.</doc>
<msg timestamp="20220201 12:19:09.816" level="INFO">Forgotten Password | Can't Log In | Facebook</msg>
<status status="PASS" starttime="20220201 12:19:09.816" endtime="20220201 12:19:09.816"/>
</kw>
<kw name="Close Browser" library="SeleniumLibrary">
<doc>Closes the current browser.</doc>
<status status="PASS" starttime="20220201 12:19:09.816" endtime="20220201 12:19:11.945"/>
</kw>
<status status="PASS" starttime="20220201 12:19:09.810" endtime="20220201 12:19:11.945"/>
</kw>
<tag>DEFT</tag>
<tag>FORCE</tag>
<timeout value="20 seconds"/>
<status status="PASS" starttime="20220201 12:19:05.635" endtime="20220201 12:19:11.945"/>
</test>
<status status="PASS" starttime="20220201 12:19:00.379" endtime="20220201 12:19:11.947"/>
</suite>
<suite id="s1-s3" name="TC 003" source="C:\Users\Global\PycharmProjects\Automation1\TestCases\TestCaseSuite\TC_003.robot">
<test id="s1-s3-t1" name="Details_with_keyword_and_testcase">
<kw name="Start Browser and Maximize" library="Resource1" type="SETUP">
<kw name="Open Browser" library="SeleniumLibrary">
<arg>https://www.facebook.com/</arg>
<arg>Chrome</arg>
<doc>Opens a new browser instance to the optional ``url``.</doc>
<msg timestamp="20220201 12:19:11.956" level="INFO">Opening browser 'Chrome' to base url 'https://www.facebook.com/'.</msg>
<status status="PASS" starttime="20220201 12:19:11.955" endtime="20220201 12:19:14.891"/>
</kw>
<kw name="Maximize Browser Window" library="SeleniumLibrary">
<doc>Maximizes current browser window.</doc>
<status status="PASS" starttime="20220201 12:19:14.891" endtime="20220201 12:19:15.123"/>
</kw>
<status status="PASS" starttime="20220201 12:19:11.955" endtime="20220201 12:19:15.123"/>
</kw>
<kw name="Input Text" library="SeleniumLibrary">
<arg>id:email</arg>
<arg>Abhi</arg>
<doc>Types the given ``text`` into the text field identified by ``locator``.</doc>
<msg timestamp="20220201 12:19:15.124" level="INFO">Typing text 'Abhi' into text field 'id:email'.</msg>
<status status="PASS" starttime="20220201 12:19:15.124" endtime="20220201 12:19:15.194"/>
</kw>
<kw name="Input Text" library="SeleniumLibrary">
<arg>id:pass</arg>
<arg>AAAAAAAAA</arg>
<doc>Types the given ``text`` into the text field identified by ``locator``.</doc>
<msg timestamp="20220201 12:19:15.195" level="INFO">Typing text 'AAAAAAAAA' into text field 'id:pass'.</msg>
<status status="PASS" starttime="20220201 12:19:15.194" endtime="20220201 12:19:15.300"/>
</kw>
<kw name="Close Browser window" library="Resource1" type="TEARDOWN">
<kw name="Get Title" library="SeleniumLibrary">
<var>${title}</var>
<doc>Returns the title of the current page.</doc>
<msg timestamp="20220201 12:19:15.306" level="INFO">${title} = Facebook – log in or sign up</msg>
<status status="PASS" starttime="20220201 12:19:15.301" endtime="20220201 12:19:15.306"/>
</kw>
<kw name="Log" library="BuiltIn">
<arg>${title}</arg>
<doc>Logs the given message with the given level.</doc>
<msg timestamp="20220201 12:19:15.306" level="INFO">Facebook – log in or sign up</msg>
<status status="PASS" starttime="20220201 12:19:15.306" endtime="20220201 12:19:15.306"/>
</kw>
<kw name="Close Browser" library="SeleniumLibrary">
<doc>Closes the current browser.</doc>
<status status="PASS" starttime="20220201 12:19:15.306" endtime="20220201 12:19:17.426"/>
</kw>
<status status="PASS" starttime="20220201 12:19:15.300" endtime="20220201 12:19:17.426"/>
</kw>
<tag>Adhoc</tag>
<timeout value="20 seconds"/>
<status status="PASS" starttime="20220201 12:19:11.954" endtime="20220201 12:19:17.427"/>
</test>
<test id="s1-s3-t2" name="Second Testcase">
<kw name="Start Browser and Maximize" library="Resource1" type="SETUP">
<kw name="Open Browser" library="SeleniumLibrary">
<arg>https://www.facebook.com/</arg>
<arg>Chrome</arg>
<doc>Opens a new browser instance to the optional ``url``.</doc>
<msg timestamp="20220201 12:19:17.430" level="INFO">Opening browser 'Chrome' to base url 'https://www.facebook.com/'.</msg>
<status status="PASS" starttime="20220201 12:19:17.429" endtime="20220201 12:19:20.169"/>
</kw>
<kw name="Maximize Browser Window" library="SeleniumLibrary">
<doc>Maximizes current browser window.</doc>
<status status="PASS" starttime="20220201 12:19:20.169" endtime="20220201 12:19:20.282"/>
</kw>
<status status="PASS" starttime="20220201 12:19:17.429" endtime="20220201 12:19:20.283"/>
</kw>
<kw name="Click Element" library="SeleniumLibrary">
<arg>xpath://a[.='Create New Account']</arg>
<doc>Click the element identified by ``locator``.</doc>
<msg timestamp="20220201 12:19:20.285" level="INFO">Clicking element 'xpath://a[.='Create New Account']'.</msg>
<status status="PASS" starttime="20220201 12:19:20.284" endtime="20220201 12:19:20.342"/>
</kw>
<kw name="Close Browser window" library="Resource1" type="TEARDOWN">
<kw name="Get Title" library="SeleniumLibrary">
<var>${title}</var>
<doc>Returns the title of the current page.</doc>
<msg timestamp="20220201 12:19:20.348" level="INFO">${title} = Facebook – log in or sign up</msg>
<status status="PASS" starttime="20220201 12:19:20.343" endtime="20220201 12:19:20.348"/>
</kw>
<kw name="Log" library="BuiltIn">
<arg>${title}</arg>
<doc>Logs the given message with the given level.</doc>
<msg timestamp="20220201 12:19:20.349" level="INFO">Facebook – log in or sign up</msg>
<status status="PASS" starttime="20220201 12:19:20.348" endtime="20220201 12:19:20.349"/>
</kw>
<kw name="Close Browser" library="SeleniumLibrary">
<doc>Closes the current browser.</doc>
<status status="PASS" starttime="20220201 12:19:20.349" endtime="20220201 12:19:22.469"/>
</kw>
<status status="PASS" starttime="20220201 12:19:20.342" endtime="20220201 12:19:22.469"/>
</kw>
<tag>DEFT</tag>
<timeout value="20 seconds"/>
<status status="PASS" starttime="20220201 12:19:17.428" endtime="20220201 12:19:22.470"/>
</test>
<status status="PASS" starttime="20220201 12:19:11.949" endtime="20220201 12:19:22.472"/>
</suite>
<kw name="After each test suite" type="TEARDOWN">
<kw name="Log" library="BuiltIn">
<arg>Ended</arg>
<doc>Logs the given message with the given level.</doc>
<msg timestamp="20220201 12:19:22.475" level="INFO">Ended</msg>
<status status="PASS" starttime="20220201 12:19:22.475" endtime="20220201 12:19:22.475"/>
</kw>
<status status="PASS" starttime="20220201 12:19:22.474" endtime="20220201 12:19:22.475"/>
</kw>
<status status="PASS" starttime="20220201 12:18:48.338" endtime="20220201 12:19:22.475"/>
</suite>
<statistics>
<total>
<stat pass="6" fail="0" skip="0">All Tests</stat>
</total>
<tag>
<stat pass="1" fail="0" skip="0">Adhoc</stat>
<stat pass="2" fail="0" skip="0">DEFT</stat>
<stat pass="2" fail="0" skip="0">FORCE</stat>
<stat pass="1" fail="0" skip="0">regression</stat>
<stat pass="2" fail="0" skip="0">Sanity</stat>
<stat pass="1" fail="0" skip="0">Smoke</stat>
</tag>
<suite>
<stat pass="6" fail="0" skip="0" id="s1" name="TestCaseSuite">TestCaseSuite</stat>
<stat pass="2" fail="0" skip="0" id="s1-s1" name="TC 001">TestCaseSuite.TC 001</stat>
<stat pass="2" fail="0" skip="0" id="s1-s2" name="TC 002">TestCaseSuite.TC 002</stat>
<stat pass="2" fail="0" skip="0" id="s1-s3" name="TC 003">TestCaseSuite.TC 003</stat>
</suite>
</statistics>
<errors>
<msg timestamp="20220201 12:18:48.578" level="ERROR">Error in file 'C:\Users\Global\PycharmProjects\Automation1\TestCases\TestCaseSuite\TC_001.robot' on line 4: Initialization file 'C:\Users\Global\PycharmProjects\Automation1\TestCases\TestCaseSuite\__init__.robot' cannot be imported as a resource file.</msg>
</errors>
</robot>
